Cron job started
Cron job started
Cron job started
Cron job started
Cron job started
Cron job started
MOCK SMS: To +919353867421 - Reminder: You missed your 1 dose scheduled at 14:55 on 2025-09-14. Please log in to the portal to mark it as taken.
Cron job started
Cron job started
MOCK SMS: To +919353867421 - Reminder: You missed your 1 dose scheduled at 15:25 on 2025-09-14. Please log in to the portal to mark it as taken.
Cron job started
MOCK SMS: To +919353867421 - Reminder: You missed your 1 dose scheduled at 15:55 on 2025-09-14. Please log in to the portal to mark it as taken.
Cron job started
MOCK SMS: To +919353867421 - Dr. Doctor1: Hello, hello this is a testing audio. This works fine.
MOCK SMS: To +919353867421 - Dr. Doctor1 has scheduled an appointment for you on 2025-09-20 at 12:30:00.
Cron job started
MOCK SMS: To +919353867421 - Reminder: You missed your 1 dose scheduled at 16:25 on 2025-09-14. Please log in to the portal to mark it as taken.
Cron job started
MOCK SMS: To +919353867421 - Reminder: You missed your 1 dose scheduled at 16:55 on 2025-09-14. Please log in to the portal to mark it as taken.
MOCK SMS: To +919353867421 - Dr. Doctor1: Hello, hello, hello.
MOCK SMS: To +919353867421 - Dr. Doctor1 has scheduled an appointment for you on 2025-10-01 at 22:43:00.
Cron job started
MOCK SMS: To +919353867421 - Reminder: You missed your 1 dose scheduled at 17:25 on 2025-09-14. Please log in to the portal to mark it as taken.
Cron job started
MOCK SMS: To +919353867421 - Reminder: You missed your 1 dose scheduled at 17:55 on 2025-09-14. Please log in to the portal to mark it as taken.
MOCK SMS: To +919353867421 - Reminder: You missed your 1 dose scheduled at 18:25 on 2025-09-14. Please log in to the portal to mark it as taken.
MOCK SMS: To +919353867421 - Reminder: You missed your 1 dose scheduled at 18:55 on 2025-09-14. Please log in to the portal to mark it as taken.
MOCK SMS: To +919353867421 - Reminder: You missed your 1 dose scheduled at 19:25 on 2025-09-14. Please log in to the portal to mark it as taken.
MOCK SMS: To +919353867421 - Reminder: You missed your 1 dose scheduled at 19:55 on 2025-09-14. Please log in to the portal to mark it as taken.
MOCK SMS: To +919353867421 - Reminder: You missed your 1 dose scheduled at 20:25 on 2025-09-14. Please log in to the portal to mark it as taken.
MOCK SMS: To +919353867421 - Reminder: You missed your 1 dose scheduled at 20:55 on 2025-09-14. Please log in to the portal to mark it as taken.
MOCK SMS: To +919353867421 - Reminder: You missed your 1 dose scheduled at 21:25 on 2025-09-14. Please log in to the portal to mark it as taken.
MOCK SMS: To +919353867421 - Reminder: You missed your 1 dose scheduled at 21:55 on 2025-09-14. Please log in to the portal to mark it as taken.
MOCK SMS: To +919353867421 - Reminder: You missed your 1 dose scheduled at 22:25 on 2025-09-14. Please log in to the portal to mark it as taken.
MOCK SMS: To +919353867421 - Reminder: You missed your 1 dose scheduled at 22:55 on 2025-09-14. Please log in to the portal to mark it as taken.
MOCK SMS: To +919353867421 - Reminder: You missed your 1 dose scheduled at 23:25 on 2025-09-14. Please log in to the portal to mark it as taken.
MOCK SMS: To +919353867421 - Reminder: You missed your 1 dose scheduled at 23:55 on 2025-09-14. Please log in to the portal to mark it as taken.
MOCK SMS: To +919353867421 - Reminder: You missed your 1 dose scheduled at 00:25 on 2025-09-15. Please log in to the portal to mark it as taken.
MOCK SMS: To +919353867421 - Reminder: You missed your 1 dose scheduled at 00:55 on 2025-09-15. Please log in to the portal to mark it as taken.
MOCK SMS: To +919353867421 - Reminder: You missed your 1 dose scheduled at 01:25 on 2025-09-15. Please log in to the portal to mark it as taken.
MOCK SMS: To +919353867421 - Reminder: You missed your 1 dose scheduled at 01:55 on 2025-09-15. Please log in to the portal to mark it as taken.
MOCK SMS: To +919353867421 - Dr. Doctor1: Hello, hello, hello, hello.
Cron job started
MOCK SMS: To +919353867435 - Dr. Doctor 1: Hello, hello, Mic testing 123.
